[09:52:55] [ServerMain/INFO]: Environment: Environment[sessionHost=https://sessionserver.mojang.com, servicesHost=https://api.minecraftservices.com, name=PROD]
[09:52:59] [ServerMain/INFO]: Loaded 1290 recipes
[09:53:00] [ServerMain/INFO]: Loaded 1399 advancements
[09:53:03] [Server thread/INFO]: Starting minecraft server version 1.21.1
[09:53:03] [Server thread/INFO]: Loading properties
[09:53:03] [Server thread/INFO]: Default game type: SURVIVAL
[09:53:03] [Server thread/INFO]: Generating keypair
[09:53:03] [Server thread/INFO]: Starting Minecraft server on *:25565
[09:53:03] [Server thread/INFO]: Using epoll channel type
[09:53:03] [Server thread/WARN]: **** SERVER IS RUNNING IN OFFLINE/INSECURE MODE!
[09:53:03] [Server thread/WARN]: The server will make no attempt to authenticate usernames. Beware.
[09:53:03] [Server thread/WARN]: While this makes the game possible to play without internet access, it also opens up the ability for hackers to connect with any username they choose.
[09:53:03] [Server thread/WARN]: To change this, set "online-mode" to "true" in the server.properties file.
[09:53:04] [Server thread/INFO]: Preparing level "world"
[09:53:11] [Server thread/INFO]: Preparing start region for dimension minecraft:overworld
[09:53:12] [Worker-Main-1/INFO]: Preparing spawn area: 0%
[09:53:12] [Worker-Main-1/INFO]: Preparing spawn area: 0%
[09:53:12] [Worker-Main-1/INFO]: Preparing spawn area: 0%
[09:53:13] [Worker-Main-1/INFO]: Preparing spawn area: 0%
[09:53:13] [Server thread/INFO]: Time elapsed: 1565 ms
[09:53:13] [Server thread/INFO]: Done (9.214s)! For help, type "help"
[09:54:49] [Server thread/INFO]: BloodReaper456[/127.0.0.1:36468] logged in with entity id 3 at (-200.11509936747098, 67.0, -327.77920614434686)
[09:54:49] [Server thread/INFO]: BloodReaper456 joined the game
[09:55:06] [Server thread/INFO]: Made BloodReaper456 a server operator
[09:55:11] [Server thread/INFO]: [BloodReaper456: Set own game mode to Creative Mode]
[09:59:57] [Server thread/INFO]: BloodReaper456 has completed the challenge [Serious Dedication]
[10:01:57] [Server thread/INFO]: [BloodReaper456: Set the time to 1000]
[10:03:07] [Server thread/INFO]: BloodReaper456 has made the advancement [Stone Age]
[10:04:40] [Server thread/INFO]: [BloodReaper456: Set own game mode to Survival Mode]
[10:05:22] [Server thread/INFO]: BloodReaper456 lost connection: Disconnected
[10:05:22] [Server thread/INFO]: BloodReaper456 left the game
